Extracting sessions...
Empty utterance: 
	sw00utt/sw_0047_4339.utt 61 36 x
Empty utterance: 
	sw00utt/sw_0060_4038.utt 63 35 x
Empty utterance: 
	sw00utt/sw_0060_4038.utt 115 61 x
Empty utterance: 
	sw01utt/sw_0126_3349.utt 121 61 %
Empty utterance: 
	sw01utt/sw_0188_3251.utt 42 21 +
Empty utterance: 
	sw01utt/sw_0188_3251.utt 56 27 +
Empty utterance: 
	sw01utt/sw_0188_3251.utt 94 55 %
Empty utterance: 
	sw01utt/sw_0195_3763.utt 49 29 %
Empty utterance: 
	sw02utt/sw_0222_2676.utt 285 161 fo_o_fw_"_by_bc
Empty utterance: 
	sw02utt/sw_0224_2818.utt 60 40 fo_o_fw_"_by_bc
Empty utterance: 
	sw02utt/sw_0244_3526.utt 96 64 fo_o_fw_"_by_bc
Empty utterance: 
	sw02utt/sw_0256_4728.utt 150 82 fo_o_fw_"_by_bc
Empty utterance: 
	sw02utt/sw_0262_2137.utt 4 3 fo_o_fw_"_by_bc
Empty utterance: 
	sw03utt/sw_0306_3345.utt 28 17 x
Empty utterance: 
	sw03utt/sw_0325_2171.utt 98 57 x
Empty utterance: 
	sw04utt/sw_0426_3409.utt 59 36 x
Empty utterance: 
	sw04utt/sw_0430_3633.utt 26 13 x
Empty utterance: 
	sw04utt/sw_0437_4092.utt 148 109 x
Empty utterance: 
	sw04utt/sw_0437_4092.utt 180 129 x
Empty utterance: 
	sw05utt/sw_0503_3539.utt 38 24 x
Empty utterance: 
	sw05utt/sw_0531_2365.utt 85 35 x
Empty utterance: 
	sw05utt/sw_0531_2365.utt 177 76 x
Empty utterance: 
	sw06utt/sw_0610_3056.utt 132 62 x
Empty utterance: 
	sw06utt/sw_0628_3773.utt 108 61 x
Empty utterance: 
	sw06utt/sw_0635_2065.utt 152 86 x
Empty utterance: 
	sw06utt/sw_0697_2514.utt 167 53 x
Empty utterance: 
	sw08utt/sw_0800_3841.utt 76 31 x
Empty utterance: 
	sw08utt/sw_0819_2594.utt 189 125 x
Empty utterance: 
	sw08utt/sw_0827_3019.utt 179 117 x
Empty utterance: 
	sw08utt/sw_0854_2168.utt 166 88 x
Empty utterance: 
	sw08utt/sw_0882_3554.utt 161 92 x
Empty utterance: 
	sw08utt/sw_0899_2325.utt 137 77 x
Empty utterance: 
	sw09utt/sw_0907_2830.utt 0 1 x
Empty utterance: 
	sw09utt/sw_0932_2610.utt 89 34 x
Empty utterance: 
	sw09utt/sw_0942_3025.utt 189 107 x
Empty utterance: 
	sw09utt/sw_0964_2237.utt 297 192 x
Empty utterance: 
	sw09utt/sw_0969_2578.utt 27 16 x
Empty utterance: 
	sw09utt/sw_0990_3703.utt 68 39 x
Empty utterance: 
	sw10utt/sw_1034_2924.utt 17 10 fo_o_fw_"_by_bc
Empty utterance: 
	sw10utt/sw_1060_3852.utt 49 23 fo_o_fw_"_by_bc
Empty utterance: 
	sw10utt/sw_1060_3852.utt 132 68 +
Empty utterance: 
	sw10utt/sw_1090_2353.utt 123 81 fo_o_fw_"_by_bc
Empty utterance: 
	sw12utt/sw_1203_2229.utt 110 58 x
Empty utterance: 
	sw12utt/sw_1203_2229.utt 216 129 x
Empty utterance: 
	sw12utt/sw_1203_2229.utt 248 147 x
Empty utterance: 
	sw13utt/sw_1306_2733.utt 191 99 x
Empty utterance: 
	sw13utt/sw_1318_3968.utt 122 78 x
Empty utterance: 
	sw13utt/sw_1318_3968.utt 154 94 x
Empty utterance: 
	sw00utt/sw_0066_2593.utt 39 24 x
Empty utterance: 
	sw00utt/sw_0078_4181.utt 145 79 x
Empty utterance: 
	sw00utt/sw_0086_2546.utt 64 24 x
Empty utterance: 
	sw01utt/sw_0116_2406.utt 73 36 %
Empty utterance: 
	sw01utt/sw_0155_3219.utt 72 44 x
Empty utterance: 
	sw01utt/sw_0186_3188.utt 127 63 x
Empty utterance: 
	sw02utt/sw_0217_2421.utt 151 94 +
Empty utterance: 
	sw02utt/sw_0221_2566.utt 101 60 x
Empty utterance: 
	sw02utt/sw_0267_2362.utt 9 6 fo_o_fw_"_by_bc
Empty utterance: 
	sw02utt/sw_0290_2851.utt 251 160 x
Empty utterance: 
	sw03utt/sw_0304_3338.utt 157 89 x
Empty utterance: 
	sw03utt/sw_0330_2466.utt 51 32 x
Empty utterance: 
	sw03utt/sw_0330_2466.utt 138 75 qy
Empty utterance: 
	sw03utt/sw_0359_3393.utt 86 41 x
Empty utterance: 
	sw03utt/sw_0394_2427.utt 70 44 x
Empty utterance: 
	sw04utt/sw_0402_2634.utt 60 27 x
Empty utterance: 
	sw04utt/sw_0428_3550.utt 189 128 x
Empty utterance: 
	sw05utt/sw_0504_3549.utt 94 61 x
Empty utterance: 
	sw06utt/sw_0626_3596.utt 120 74 x
Empty utterance: 
	sw06utt/sw_0653_2806.utt 28 14 x
Empty utterance: 
	sw06utt/sw_0653_2806.utt 271 128 x
Empty utterance: 
	sw06utt/sw_0688_2181.utt 99 57 +
Empty utterance: 
	sw06utt/sw_0692_2287.utt 102 60 x
Empty utterance: 
	sw07utt/sw_0733_4940.utt 46 30 %
Empty utterance: 
	sw08utt/sw_0805_4758.utt 16 8 x
Empty utterance: 
	sw08utt/sw_0822_2776.utt 102 51 x
Empty utterance: 
	sw09utt/sw_0931_2467.utt 94 40 x
Empty utterance: 
	sw09utt/sw_0959_3735.utt 68 47 x
Empty utterance: 
	sw09utt/sw_0978_3167.utt 78 49 x
Empty utterance: 
	sw09utt/sw_0984_3414.utt 3 3 x
Empty utterance: 
	sw09utt/sw_0992_3952.utt 27 14 x
Empty utterance: 
	sw10utt/sw_1004_2562.utt 8 8 fo_o_fw_"_by_bc
Empty utterance: 
	sw10utt/sw_1037_3054.utt 147 66 fo_o_fw_"_by_bc
Empty utterance: 
	sw10utt/sw_1044_2457.utt 97 56 fo_o_fw_"_by_bc
Empty utterance: 
	sw10utt/sw_1070_3013.utt 187 101 fo_o_fw_"_by_bc
Empty utterance: 
	sw10utt/sw_1097_3769.utt 186 113 fo_o_fw_"_by_bc
Empty utterance: 
	sw12utt/sw_1201_2131.utt 166 107 x
Empty utterance: 
	sw12utt/sw_1201_2131.utt 239 150 x
Empty utterance: 
	sw01utt/sw_0142_2145.utt 132 88 %
Empty utterance: 
	sw01utt/sw_0153_3138.utt 41 31 %
Empty utterance: 
	sw02utt/sw_0200_4159.utt 59 37 x
Empty utterance: 
	sw02utt/sw_0205_4725.utt 36 21 x
Empty utterance: 
	sw02utt/sw_0205_4725.utt 40 24 x
Empty utterance: 
	sw02utt/sw_0249_3728.utt 154 84 fo_o_fw_"_by_bc
Empty utterance: 
	sw02utt/sw_0253_4072.utt 95 55 fo_o_fw_"_by_bc
Empty utterance: 
	sw02utt/sw_0287_2819.utt 171 100 fo_o_fw_"_by_bc
Empty utterance: 
	sw03utt/sw_0351_3207.utt 142 65 x
Empty utterance: 
	sw03utt/sw_0382_4785.utt 36 28 x
Empty utterance: 
	sw03utt/sw_0388_2078.utt 107 59 x
Empty utterance: 
	sw04utt/sw_0412_3015.utt 97 53 x
Empty utterance: 
	sw04utt/sw_0439_4314.utt 0 1 x
Empty utterance: 
	sw05utt/sw_0508_3628.utt 111 64 x
Empty utterance: 
	sw05utt/sw_0508_3628.utt 131 74 x
Empty utterance: 
	sw05utt/sw_0508_3628.utt 132 75 x
Empty utterance: 
	sw05utt/sw_0512_3811.utt 148 109 x
Empty utterance: 
	sw05utt/sw_0527_2177.utt 177 100 x
Empty utterance: 
	sw06utt/sw_0656_2887.utt 357 230 x
Empty utterance: 
	sw06utt/sw_0684_4723.utt 45 22 x
Empty utterance: 
	sw07utt/sw_0717_3384.utt 64 41 %
Empty utterance: 
	sw07utt/sw_0717_3384.utt 177 121 x
Empty utterance: 
	sw07utt/sw_0717_3384.utt 181 123 x
Empty utterance: 
	sw07utt/sw_0798_3736.utt 61 34 %
Empty utterance: 
	sw07utt/sw_0798_3736.utt 88 52 %
Empty utterance: 
	sw08utt/sw_0810_2232.utt 34 20 x
Empty utterance: 
	sw08utt/sw_0810_2232.utt 112 50 x
Empty utterance: 
	sw08utt/sw_0810_2232.utt 126 56 x
Empty utterance: 
	sw08utt/sw_0810_2232.utt 189 86 x
Empty utterance: 
	sw08utt/sw_0810_2232.utt 205 94 x
Empty utterance: 
	sw08utt/sw_0824_2944.utt 0 1 x
Empty utterance: 
	sw08utt/sw_0824_2944.utt 289 135 x
Empty utterance: 
	sw08utt/sw_0828_3055.utt 216 114 x
Empty utterance: 
	sw08utt/sw_0848_4666.utt 25 17 x
Empty utterance: 
	sw08utt/sw_0884_3676.utt 8 7 x
Empty utterance: 
	sw08utt/sw_0884_3676.utt 56 33 x
Empty utterance: 
	sw08utt/sw_0884_3676.utt 110 63 x
Empty utterance: 
	sw09utt/sw_0908_2844.utt 173 113 x
Empty utterance: 
	sw09utt/sw_0961_3770.utt 28 19 x
Empty utterance: 
	sw09utt/sw_0976_3046.utt 112 79 x
Empty utterance: 
	sw09utt/sw_0976_3046.utt 289 191 b
Empty utterance: 
	sw09utt/sw_0988_3570.utt 100 51 x
Empty utterance: 
	sw09utt/sw_0988_3570.utt 113 56 x
Empty utterance: 
	sw09utt/sw_0993_3965.utt 118 85 x
Empty utterance: 
	sw09utt/sw_0993_3965.utt 148 109 x
Empty utterance: 
	sw10utt/sw_1015_2355.utt 67 44 +
Empty utterance: 
	sw10utt/sw_1015_2355.utt 191 120 x
Empty utterance: 
	sw10utt/sw_1031_2386.utt 140 94 fo_o_fw_"_by_bc
Empty utterance: 
	sw10utt/sw_1031_2386.utt 182 118 fo_o_fw_"_by_bc
Empty utterance: 
	sw10utt/sw_1031_2386.utt 271 160 fo_o_fw_"_by_bc
Empty utterance: 
	sw10utt/sw_1031_2386.utt 277 164 fo_o_fw_"_by_bc
Empty utterance: 
	sw10utt/sw_1031_2386.utt 332 198 fo_o_fw_"_by_bc
Empty utterance: 
	sw10utt/sw_1038_3061.utt 233 157 fo_o_fw_"_by_bc
Empty utterance: 
	sw10utt/sw_1078_2437.utt 210 90 fo_o_fw_"_by_bc
Empty utterance: 
	sw00utt/sw_0073_4049.utt 79 38 x
Empty utterance: 
	sw01utt/sw_0132_3682.utt 37 28 %
Empty utterance: 
	sw01utt/sw_0164_3862.utt 57 39 +
Empty utterance: 
	sw02utt/sw_0223_2703.utt 183 90 fo_o_fw_"_by_bc
Empty utterance: 
	sw02utt/sw_0245_3565.utt 30 23 fo_o_fw_"_by_bc
Empty utterance: 
	sw02utt/sw_0245_3565.utt 67 50 fo_o_fw_"_by_bc
Empty utterance: 
	sw02utt/sw_0269_2382.utt 93 54 x
Empty utterance: 
	sw02utt/sw_0283_2710.utt 63 43 x
Empty utterance: 
	sw03utt/sw_0313_3825.utt 49 21 x
Empty utterance: 
	sw03utt/sw_0322_4936.utt 58 38 x
Empty utterance: 
	sw03utt/sw_0372_3725.utt 144 81 x
Empty utterance: 
	sw04utt/sw_0483_3070.utt 72 48 x
Empty utterance: 
	sw04utt/sw_0495_3334.utt 5 5 x
Empty utterance: 
	sw05utt/sw_0507_3606.utt 177 116 x
Empty utterance: 
	sw05utt/sw_0523_2092.utt 191 116 x
Empty utterance: 
	sw07utt/sw_0732_4927.utt 17 13 %
Empty utterance: 
	sw07utt/sw_0791_3050.utt 98 51 +
Empty utterance: 
	sw07utt/sw_0791_3050.utt 110 59 x
Empty utterance: 
	sw08utt/sw_0815_2354.utt 32 24 x
Empty utterance: 
	sw09utt/sw_0901_2418.utt 84 30 x
Empty utterance: 
	sw09utt/sw_0909_2879.utt 227 125 x
Empty utterance: 
	sw09utt/sw_0920_3747.utt 69 40 x
Empty utterance: 
	sw09utt/sw_0948_3151.utt 217 148 x
Empty utterance: 
	sw09utt/sw_0958_3734.utt 52 30 x
Empty utterance: 
	sw09utt/sw_0962_3847.utt 146 92 x
Empty utterance: 
	sw09utt/sw_0967_2340.utt 99 49 x
Empty utterance: 
	sw09utt/sw_0983_3363.utt 29 20 x
Empty utterance: 
	sw09utt/sw_0994_4644.utt 49 28 x
Empty utterance: 
	sw09utt/sw_0998_2175.utt 22 13 x
Empty utterance: 
	sw10utt/sw_1020_2935.utt 7 4 +
Empty utterance: 
	sw10utt/sw_1032_2557.utt 115 69 fo_o_fw_"_by_bc
Empty utterance: 
	sw10utt/sw_1061_4770.utt 44 18 fo_o_fw_"_by_bc
Empty utterance: 
	sw10utt/sw_1069_2884.utt 180 94 fo_o_fw_"_by_bc
Empty utterance: 
	sw10utt/sw_1082_2854.utt 264 156 fo_o_fw_"_by_bc
Empty utterance: 
	sw10utt/sw_1086_3057.utt 288 211 fo_o_fw_"_by_bc
Empty utterance: 
	sw11utt/sw_1102_2820.utt 146 80 x
Empty utterance: 
	sw11utt/sw_1102_2820.utt 169 93 x
Empty utterance: 
	sw11utt/sw_1114_2262.utt 52 35 x
Empty utterance: 
	sw11utt/sw_1114_2262.utt 100 67 x
Building dataset split...
Dialog act tags:
41
['sd', 'b', 'sv', '%', 'aa', 'ba', 'qy', 'ny', 'fc', 'qw', 'nn', 'bk', 'h', 'qy^d', 'fo_o_fw_"_by_bc', 'bh', '^q', 'bf', 'na', 'ad', '^2', 'b^m', 'qo', 'qh', '^h', 'ar', 'ng', 'br', 'no', 'fp', 'qrr', 'arp_nd', 't3', 'oo_co_cc', 't1', 'bd', 'aap_am', '^g', 'qw^d', 'fa', 'ft']
Writing dataset json file to /homes/ttmt001/transitory/dialog-act-prediction/data/joint/dataset.txt...
Dataset built.
Building word count file...
